  Lab6.cpp
d:\info\info_fac\oop\lab poo\lab6\packages\gtest.1.7.0\build\native\include\gtest\gtest-printers.h(497): error C4996: 'std::tr1': warning STL4002: The non-Standard std::tr1 namespace and TR1-only machinery are deprecated and will be REMOVED. You can define _SILENCE_TR1_NAMESPACE_DEPRECATION_WARNING to acknowledge that you have received this warning.
  d:\vs\vc\tools\msvc\14.12.25827\include\tuple(1137): note: see declaration of 'std::tr1'
d:\info\info_fac\oop\lab poo\lab6\packages\gtest.1.7.0\build\native\include\gtest\gtest-printers.h(502): error C4996: 'std::tr1': warning STL4002: The non-Standard std::tr1 namespace and TR1-only machinery are deprecated and will be REMOVED. You can define _SILENCE_TR1_NAMESPACE_DEPRECATION_WARNING to acknowledge that you have received this warning.
  d:\vs\vc\tools\msvc\14.12.25827\include\tuple(1137): note: see declaration of 'std::tr1'
d:\info\info_fac\oop\lab poo\lab6\packages\gtest.1.7.0\build\native\include\gtest\gtest-printers.h(507): error C4996: 'std::tr1': warning STL4002: The non-Standard std::tr1 namespace and TR1-only machinery are deprecated and will be REMOVED. You can define _SILENCE_TR1_NAMESPACE_DEPRECATION_WARNING to acknowledge that you have received this warning.
  d:\vs\vc\tools\msvc\14.12.25827\include\tuple(1137): note: see declaration of 'std::tr1'
d:\info\info_fac\oop\lab poo\lab6\packages\gtest.1.7.0\build\native\include\gtest\gtest-printers.h(512): error C4996: 'std::tr1': warning STL4002: The non-Standard std::tr1 namespace and TR1-only machinery are deprecated and will be REMOVED. You can define _SILENCE_TR1_NAMESPACE_DEPRECATION_WARNING to acknowledge that you have received this warning.
  d:\vs\vc\tools\msvc\14.12.25827\include\tuple(1137): note: see declaration of 'std::tr1'
d:\info\info_fac\oop\lab poo\lab6\packages\gtest.1.7.0\build\native\include\gtest\gtest-printers.h(517): error C4996: 'std::tr1': warning STL4002: The non-Standard std::tr1 namespace and TR1-only machinery are deprecated and will be REMOVED. You can define _SILENCE_TR1_NAMESPACE_DEPRECATION_WARNING to acknowledge that you have received this warning.
  d:\vs\vc\tools\msvc\14.12.25827\include\tuple(1137): note: see declaration of 'std::tr1'
d:\info\info_fac\oop\lab poo\lab6\packages\gtest.1.7.0\build\native\include\gtest\gtest-printers.h(522): error C4996: 'std::tr1': warning STL4002: The non-Standard std::tr1 namespace and TR1-only machinery are deprecated and will be REMOVED. You can define _SILENCE_TR1_NAMESPACE_DEPRECATION_WARNING to acknowledge that you have received this warning.
  d:\vs\vc\tools\msvc\14.12.25827\include\tuple(1137): note: see declaration of 'std::tr1'
d:\info\info_fac\oop\lab poo\lab6\packages\gtest.1.7.0\build\native\include\gtest\gtest-printers.h(529): error C4996: 'std::tr1': warning STL4002: The non-Standard std::tr1 namespace and TR1-only machinery are deprecated and will be REMOVED. You can define _SILENCE_TR1_NAMESPACE_DEPRECATION_WARNING to acknowledge that you have received this warning.
  d:\vs\vc\tools\msvc\14.12.25827\include\tuple(1137): note: see declaration of 'std::tr1'
d:\info\info_fac\oop\lab poo\lab6\packages\gtest.1.7.0\build\native\include\gtest\gtest-printers.h(536): error C4996: 'std::tr1': warning STL4002: The non-Standard std::tr1 namespace and TR1-only machinery are deprecated and will be REMOVED. You can define _SILENCE_TR1_NAMESPACE_DEPRECATION_WARNING to acknowledge that you have received this warning.
  d:\vs\vc\tools\msvc\14.12.25827\include\tuple(1137): note: see declaration of 'std::tr1'
d:\info\info_fac\oop\lab poo\lab6\packages\gtest.1.7.0\build\native\include\gtest\gtest-printers.h(543): error C4996: 'std::tr1': warning STL4002: The non-Standard std::tr1 namespace and TR1-only machinery are deprecated and will be REMOVED. You can define _SILENCE_TR1_NAMESPACE_DEPRECATION_WARNING to acknowledge that you have received this warning.
  d:\vs\vc\tools\msvc\14.12.25827\include\tuple(1137): note: see declaration of 'std::tr1'
d:\info\info_fac\oop\lab poo\lab6\packages\gtest.1.7.0\build\native\include\gtest\gtest-printers.h(550): error C4996: 'std::tr1': warning STL4002: The non-Standard std::tr1 namespace and TR1-only machinery are deprecated and will be REMOVED. You can define _SILENCE_TR1_NAMESPACE_DEPRECATION_WARNING to acknowledge that you have received this warning.
  d:\vs\vc\tools\msvc\14.12.25827\include\tuple(1137): note: see declaration of 'std::tr1'
d:\info\info_fac\oop\lab poo\lab6\packages\gtest.1.7.0\build\native\include\gtest\gtest-printers.h(558): error C4996: 'std::tr1': warning STL4002: The non-Standard std::tr1 namespace and TR1-only machinery are deprecated and will be REMOVED. You can define _SILENCE_TR1_NAMESPACE_DEPRECATION_WARNING to acknowledge that you have received this warning.
  d:\vs\vc\tools\msvc\14.12.25827\include\tuple(1137): note: see declaration of 'std::tr1'
d:\info\info_fac\oop\lab poo\lab6\packages\gtest.1.7.0\build\native\include\gtest\internal\gtest-param-util-generated.h(3160): error C4996: 'std::tr1': warning STL4002: The non-Standard std::tr1 namespace and TR1-only machinery are deprecated and will be REMOVED. You can define _SILENCE_TR1_NAMESPACE_DEPRECATION_WARNING to acknowledge that you have received this warning.
  d:\vs\vc\tools\msvc\14.12.25827\include\tuple(1137): note: see declaration of 'std::tr1'
  d:\info\info_fac\oop\lab poo\lab6\packages\gtest.1.7.0\build\native\include\gtest\internal\gtest-param-util-generated.h(3270): note: see reference to class template instantiation 'testing::internal::CartesianProductGenerator2<T1,T2>' being compiled
d:\info\info_fac\oop\lab poo\lab6\packages\gtest.1.7.0\build\native\include\gtest\internal\gtest-param-util-generated.h(3162): error C4996: 'std::tr1': warning STL4002: The non-Standard std::tr1 namespace and TR1-only machinery are deprecated and will be REMOVED. You can define _SILENCE_TR1_NAMESPACE_DEPRECATION_WARNING to acknowledge that you have received this warning.
  d:\vs\vc\tools\msvc\14.12.25827\include\tuple(1137): note: see declaration of 'std::tr1'
d:\info\info_fac\oop\lab poo\lab6\packages\gtest.1.7.0\build\native\include\gtest\internal\gtest-param-util-generated.h(3275): error C4996: 'std::tr1': warning STL4002: The non-Standard std::tr1 namespace and TR1-only machinery are deprecated and will be REMOVED. You can define _SILENCE_TR1_NAMESPACE_DEPRECATION_WARNING to acknowledge that you have received this warning.
  d:\vs\vc\tools\msvc\14.12.25827\include\tuple(1137): note: see declaration of 'std::tr1'
  d:\info\info_fac\oop\lab poo\lab6\packages\gtest.1.7.0\build\native\include\gtest\internal\gtest-param-util-generated.h(3402): note: see reference to class template instantiation 'testing::internal::CartesianProductGenerator3<T1,T2,T3>' being compiled
d:\info\info_fac\oop\lab poo\lab6\packages\gtest.1.7.0\build\native\include\gtest\internal\gtest-param-util-generated.h(3277): error C4996: 'std::tr1': warning STL4002: The non-Standard std::tr1 namespace and TR1-only machinery are deprecated and will be REMOVED. You can define _SILENCE_TR1_NAMESPACE_DEPRECATION_WARNING to acknowledge that you have received this warning.
  d:\vs\vc\tools\msvc\14.12.25827\include\tuple(1137): note: see declaration of 'std::tr1'
d:\info\info_fac\oop\lab poo\lab6\packages\gtest.1.7.0\build\native\include\gtest\internal\gtest-param-util-generated.h(3407): error C4996: 'std::tr1': warning STL4002: The non-Standard std::tr1 namespace and TR1-only machinery are deprecated and will be REMOVED. You can define _SILENCE_TR1_NAMESPACE_DEPRECATION_WARNING to acknowledge that you have received this warning.
  d:\vs\vc\tools\msvc\14.12.25827\include\tuple(1137): note: see declaration of 'std::tr1'
  d:\info\info_fac\oop\lab poo\lab6\packages\gtest.1.7.0\build\native\include\gtest\internal\gtest-param-util-generated.h(3553): note: see reference to class template instantiation 'testing::internal::CartesianProductGenerator4<T1,T2,T3,T4>' being compiled
d:\info\info_fac\oop\lab poo\lab6\packages\gtest.1.7.0\build\native\include\gtest\internal\gtest-param-util-generated.h(3409): error C4996: 'std::tr1': warning STL4002: The non-Standard std::tr1 namespace and TR1-only machinery are deprecated and will be REMOVED. You can define _SILENCE_TR1_NAMESPACE_DEPRECATION_WARNING to acknowledge that you have received this warning.
  d:\vs\vc\tools\msvc\14.12.25827\include\tuple(1137): note: see declaration of 'std::tr1'
d:\info\info_fac\oop\lab poo\lab6\packages\gtest.1.7.0\build\native\include\gtest\internal\gtest-param-util-generated.h(3558): error C4996: 'std::tr1': warning STL4002: The non-Standard std::tr1 namespace and TR1-only machinery are deprecated and will be REMOVED. You can define _SILENCE_TR1_NAMESPACE_DEPRECATION_WARNING to acknowledge that you have received this warning.
  d:\vs\vc\tools\msvc\14.12.25827\include\tuple(1137): note: see declaration of 'std::tr1'
  d:\info\info_fac\oop\lab poo\lab6\packages\gtest.1.7.0\build\native\include\gtest\internal\gtest-param-util-generated.h(3720): note: see reference to class template instantiation 'testing::internal::CartesianProductGenerator5<T1,T2,T3,T4,T5>' being compiled
d:\info\info_fac\oop\lab poo\lab6\packages\gtest.1.7.0\build\native\include\gtest\internal\gtest-param-util-generated.h(3560): error C4996: 'std::tr1': warning STL4002: The non-Standard std::tr1 namespace and TR1-only machinery are deprecated and will be REMOVED. You can define _SILENCE_TR1_NAMESPACE_DEPRECATION_WARNING to acknowledge that you have received this warning.
  d:\vs\vc\tools\msvc\14.12.25827\include\tuple(1137): note: see declaration of 'std::tr1'
d:\info\info_fac\oop\lab poo\lab6\packages\gtest.1.7.0\build\native\include\gtest\internal\gtest-param-util-generated.h(3727): error C4996: 'std::tr1': warning STL4002: The non-Standard std::tr1 namespace and TR1-only machinery are deprecated and will be REMOVED. You can define _SILENCE_TR1_NAMESPACE_DEPRECATION_WARNING to acknowledge that you have received this warning.
  d:\vs\vc\tools\msvc\14.12.25827\include\tuple(1137): note: see declaration of 'std::tr1'
  d:\info\info_fac\oop\lab poo\lab6\packages\gtest.1.7.0\build\native\include\gtest\internal\gtest-param-util-generated.h(3906): note: see reference to class template instantiation 'testing::internal::CartesianProductGenerator6<T1,T2,T3,T4,T5,T6>' being compiled
d:\info\info_fac\oop\lab poo\lab6\packages\gtest.1.7.0\build\native\include\gtest\internal\gtest-param-util-generated.h(3729): error C4996: 'std::tr1': warning STL4002: The non-Standard std::tr1 namespace and TR1-only machinery are deprecated and will be REMOVED. You can define _SILENCE_TR1_NAMESPACE_DEPRECATION_WARNING to acknowledge that you have received this warning.
  d:\vs\vc\tools\msvc\14.12.25827\include\tuple(1137): note: see declaration of 'std::tr1'
d:\info\info_fac\oop\lab poo\lab6\packages\gtest.1.7.0\build\native\include\gtest\internal\gtest-param-util-generated.h(3913): error C4996: 'std::tr1': warning STL4002: The non-Standard std::tr1 namespace and TR1-only machinery are deprecated and will be REMOVED. You can define _SILENCE_TR1_NAMESPACE_DEPRECATION_WARNING to acknowledge that you have received this warning.
  d:\vs\vc\tools\msvc\14.12.25827\include\tuple(1137): note: see declaration of 'std::tr1'
  d:\info\info_fac\oop\lab poo\lab6\packages\gtest.1.7.0\build\native\include\gtest\internal\gtest-param-util-generated.h(4109): note: see reference to class template instantiation 'testing::internal::CartesianProductGenerator7<T1,T2,T3,T4,T5,T6,T7>' being compiled
d:\info\info_fac\oop\lab poo\lab6\packages\gtest.1.7.0\build\native\include\gtest\internal\gtest-param-util-generated.h(3915): error C4996: 'std::tr1': warning STL4002: The non-Standard std::tr1 namespace and TR1-only machinery are deprecated and will be REMOVED. You can define _SILENCE_TR1_NAMESPACE_DEPRECATION_WARNING to acknowledge that you have received this warning.
  d:\vs\vc\tools\msvc\14.12.25827\include\tuple(1137): note: see declaration of 'std::tr1'
d:\info\info_fac\oop\lab poo\lab6\packages\gtest.1.7.0\build\native\include\gtest\internal\gtest-param-util-generated.h(4116): error C4996: 'std::tr1': warning STL4002: The non-Standard std::tr1 namespace and TR1-only machinery are deprecated and will be REMOVED. You can define _SILENCE_TR1_NAMESPACE_DEPRECATION_WARNING to acknowledge that you have received this warning.
  d:\vs\vc\tools\msvc\14.12.25827\include\tuple(1137): note: see declaration of 'std::tr1'
  d:\info\info_fac\oop\lab poo\lab6\packages\gtest.1.7.0\build\native\include\gtest\internal\gtest-param-util-generated.h(4331): note: see reference to class template instantiation 'testing::internal::CartesianProductGenerator8<T1,T2,T3,T4,T5,T6,T7,T8>' being compiled
d:\info\info_fac\oop\lab poo\lab6\packages\gtest.1.7.0\build\native\include\gtest\internal\gtest-param-util-generated.h(4118): error C4996: 'std::tr1': warning STL4002: The non-Standard std::tr1 namespace and TR1-only machinery are deprecated and will be REMOVED. You can define _SILENCE_TR1_NAMESPACE_DEPRECATION_WARNING to acknowledge that you have received this warning.
  d:\vs\vc\tools\msvc\14.12.25827\include\tuple(1137): note: see declaration of 'std::tr1'
d:\info\info_fac\oop\lab poo\lab6\packages\gtest.1.7.0\build\native\include\gtest\internal\gtest-param-util-generated.h(4338): error C4996: 'std::tr1': warning STL4002: The non-Standard std::tr1 namespace and TR1-only machinery are deprecated and will be REMOVED. You can define _SILENCE_TR1_NAMESPACE_DEPRECATION_WARNING to acknowledge that you have received this warning.
  d:\vs\vc\tools\msvc\14.12.25827\include\tuple(1137): note: see declaration of 'std::tr1'
  d:\info\info_fac\oop\lab poo\lab6\packages\gtest.1.7.0\build\native\include\gtest\internal\gtest-param-util-generated.h(4570): note: see reference to class template instantiation 'testing::internal::CartesianProductGenerator9<T1,T2,T3,T4,T5,T6,T7,T8,T9>' being compiled
d:\info\info_fac\oop\lab poo\lab6\packages\gtest.1.7.0\build\native\include\gtest\internal\gtest-param-util-generated.h(4340): error C4996: 'std::tr1': warning STL4002: The non-Standard std::tr1 namespace and TR1-only machinery are deprecated and will be REMOVED. You can define _SILENCE_TR1_NAMESPACE_DEPRECATION_WARNING to acknowledge that you have received this warning.
  d:\vs\vc\tools\msvc\14.12.25827\include\tuple(1137): note: see declaration of 'std::tr1'
d:\info\info_fac\oop\lab poo\lab6\packages\gtest.1.7.0\build\native\include\gtest\internal\gtest-param-util-generated.h(4577): error C4996: 'std::tr1': warning STL4002: The non-Standard std::tr1 namespace and TR1-only machinery are deprecated and will be REMOVED. You can define _SILENCE_TR1_NAMESPACE_DEPRECATION_WARNING to acknowledge that you have received this warning.
  d:\vs\vc\tools\msvc\14.12.25827\include\tuple(1137): note: see declaration of 'std::tr1'
  d:\info\info_fac\oop\lab poo\lab6\packages\gtest.1.7.0\build\native\include\gtest\internal\gtest-param-util-generated.h(4826): note: see reference to class template instantiation 'testing::internal::CartesianProductGenerator10<T1,T2,T3,T4,T5,T6,T7,T8,T9,T10>' being compiled
d:\info\info_fac\oop\lab poo\lab6\packages\gtest.1.7.0\build\native\include\gtest\internal\gtest-param-util-generated.h(4579): error C4996: 'std::tr1': warning STL4002: The non-Standard std::tr1 namespace and TR1-only machinery are deprecated and will be REMOVED. You can define _SILENCE_TR1_NAMESPACE_DEPRECATION_WARNING to acknowledge that you have received this warning.
  d:\vs\vc\tools\msvc\14.12.25827\include\tuple(1137): note: see declaration of 'std::tr1'
d:\info\info_fac\oop\lab poo\lab6\packages\gtest.1.7.0\build\native\include\gtest\internal\gtest-param-util-generated.h(4841): error C4996: 'std::tr1': warning STL4002: The non-Standard std::tr1 namespace and TR1-only machinery are deprecated and will be REMOVED. You can define _SILENCE_TR1_NAMESPACE_DEPRECATION_WARNING to acknowledge that you have received this warning.
  d:\vs\vc\tools\msvc\14.12.25827\include\tuple(1137): note: see declaration of 'std::tr1'
  d:\info\info_fac\oop\lab poo\lab6\packages\gtest.1.7.0\build\native\include\gtest\internal\gtest-param-util-generated.h(4854): note: see reference to class template instantiation 'testing::internal::CartesianProductHolder2<Generator1,Generator2>' being compiled
d:\info\info_fac\oop\lab poo\lab6\packages\gtest.1.7.0\build\native\include\gtest\internal\gtest-param-util-generated.h(4863): error C4996: 'std::tr1': warning STL4002: The non-Standard std::tr1 namespace and TR1-only machinery are deprecated and will be REMOVED. You can define _SILENCE_TR1_NAMESPACE_DEPRECATION_WARNING to acknowledge that you have received this warning.
  d:\vs\vc\tools\msvc\14.12.25827\include\tuple(1137): note: see declaration of 'std::tr1'
  d:\info\info_fac\oop\lab poo\lab6\packages\gtest.1.7.0\build\native\include\gtest\internal\gtest-param-util-generated.h(4878): note: see reference to class template instantiation 'testing::internal::CartesianProductHolder3<Generator1,Generator2,Generator3>' being compiled
d:\info\info_fac\oop\lab poo\lab6\packages\gtest.1.7.0\build\native\include\gtest\internal\gtest-param-util-generated.h(4888): error C4996: 'std::tr1': warning STL4002: The non-Standard std::tr1 namespace and TR1-only machinery are deprecated and will be REMOVED. You can define _SILENCE_TR1_NAMESPACE_DEPRECATION_WARNING to acknowledge that you have received this warning.
  d:\vs\vc\tools\msvc\14.12.25827\include\tuple(1137): note: see declaration of 'std::tr1'
  d:\info\info_fac\oop\lab poo\lab6\packages\gtest.1.7.0\build\native\include\gtest\internal\gtest-param-util-generated.h(4905): note: see reference to class template instantiation 'testing::internal::CartesianProductHolder4<Generator1,Generator2,Generator3,Generator4>' being compiled
d:\info\info_fac\oop\lab poo\lab6\packages\gtest.1.7.0\build\native\include\gtest\internal\gtest-param-util-generated.h(4915): error C4996: 'std::tr1': warning STL4002: The non-Standard std::tr1 namespace and TR1-only machinery are deprecated and will be REMOVED. You can define _SILENCE_TR1_NAMESPACE_DEPRECATION_WARNING to acknowledge that you have received this warning.
  d:\vs\vc\tools\msvc\14.12.25827\include\tuple(1137): note: see declaration of 'std::tr1'
  d:\info\info_fac\oop\lab poo\lab6\packages\gtest.1.7.0\build\native\include\gtest\internal\gtest-param-util-generated.h(4934): note: see reference to class template instantiation 'testing::internal::CartesianProductHolder5<Generator1,Generator2,Generator3,Generator4,Generator5>' being compiled
d:\info\info_fac\oop\lab poo\lab6\packages\gtest.1.7.0\build\native\include\gtest\internal\gtest-param-util-generated.h(4946): error C4996: 'std::tr1': warning STL4002: The non-Standard std::tr1 namespace and TR1-only machinery are deprecated and will be REMOVED. You can define _SILENCE_TR1_NAMESPACE_DEPRECATION_WARNING to acknowledge that you have received this warning.
  d:\vs\vc\tools\msvc\14.12.25827\include\tuple(1137): note: see declaration of 'std::tr1'
  d:\info\info_fac\oop\lab poo\lab6\packages\gtest.1.7.0\build\native\include\gtest\internal\gtest-param-util-generated.h(4967): note: see reference to class template instantiation 'testing::internal::CartesianProductHolder6<Generator1,Generator2,Generator3,Generator4,Generator5,Generator6>' being compiled
d:\info\info_fac\oop\lab poo\lab6\packages\gtest.1.7.0\build\native\include\gtest\internal\gtest-param-util-generated.h(4980): error C4996: 'std::tr1': warning STL4002: The non-Standard std::tr1 namespace and TR1-only machinery are deprecated and will be REMOVED. You can define _SILENCE_TR1_NAMESPACE_DEPRECATION_WARNING to acknowledge that you have received this warning.
  d:\vs\vc\tools\msvc\14.12.25827\include\tuple(1137): note: see declaration of 'std::tr1'
  d:\info\info_fac\oop\lab poo\lab6\packages\gtest.1.7.0\build\native\include\gtest\internal\gtest-param-util-generated.h(5003): note: see reference to class template instantiation 'testing::internal::CartesianProductHolder7<Generator1,Generator2,Generator3,Generator4,Generator5,Generator6,Generator7>' being compiled
d:\info\info_fac\oop\lab poo\lab6\packages\gtest.1.7.0\build\native\include\gtest\internal\gtest-param-util-generated.h(5018): error C4996: 'std::tr1': warning STL4002: The non-Standard std::tr1 namespace and TR1-only machinery are deprecated and will be REMOVED. You can define _SILENCE_TR1_NAMESPACE_DEPRECATION_WARNING to acknowledge that you have received this warning.
  d:\vs\vc\tools\msvc\14.12.25827\include\tuple(1137): note: see declaration of 'std::tr1'
  d:\info\info_fac\oop\lab poo\lab6\packages\gtest.1.7.0\build\native\include\gtest\internal\gtest-param-util-generated.h(5043): note: see reference to class template instantiation 'testing::internal::CartesianProductHolder8<Generator1,Generator2,Generator3,Generator4,Generator5,Generator6,Generator7,Generator8>' being compiled
d:\info\info_fac\oop\lab poo\lab6\packages\gtest.1.7.0\build\native\include\gtest\internal\gtest-param-util-generated.h(5059): error C4996: 'std::tr1': warning STL4002: The non-Standard std::tr1 namespace and TR1-only machinery are deprecated and will be REMOVED. You can define _SILENCE_TR1_NAMESPACE_DEPRECATION_WARNING to acknowledge that you have received this warning.
  d:\vs\vc\tools\msvc\14.12.25827\include\tuple(1137): note: see declaration of 'std::tr1'
  d:\info\info_fac\oop\lab poo\lab6\packages\gtest.1.7.0\build\native\include\gtest\internal\gtest-param-util-generated.h(5087): note: see reference to class template instantiation 'testing::internal::CartesianProductHolder9<Generator1,Generator2,Generator3,Generator4,Generator5,Generator6,Generator7,Generator8,Generator9>' being compiled
d:\info\info_fac\oop\lab poo\lab6\packages\gtest.1.7.0\build\native\include\gtest\internal\gtest-param-util-generated.h(5103): error C4996: 'std::tr1': warning STL4002: The non-Standard std::tr1 namespace and TR1-only machinery are deprecated and will be REMOVED. You can define _SILENCE_TR1_NAMESPACE_DEPRECATION_WARNING to acknowledge that you have received this warning.
  d:\vs\vc\tools\msvc\14.12.25827\include\tuple(1137): note: see declaration of 'std::tr1'
  d:\info\info_fac\oop\lab poo\lab6\packages\gtest.1.7.0\build\native\include\gtest\internal\gtest-param-util-generated.h(5134): note: see reference to class template instantiation 'testing::internal::CartesianProductHolder10<Generator1,Generator2,Generator3,Generator4,Generator5,Generator6,Generator7,Generator8,Generator9,Generator10>' being compiled
d:\info\info_fac\oop\lab poo\lab6\lab6\lab6.cpp(17): error C2761: 'void TestFile_FileNull_Test::TestBody(void)': redeclaration of member is not allowed
d:\info\info_fac\oop\lab poo\lab6\lab6\lab6.cpp(156): error C2516: 'AfisareAllVect': is not a legal base class
  d:\info\info_fac\oop\lab poo\lab6\lab6\lab6.cpp(143): note: see declaration of 'AfisareAllVect'
d:\info\info_fac\oop\lab poo\lab6\lab6\lab6.cpp(156): error C2672: 'testing::internal::GetTypeId': no matching overloaded function found
d:\info\info_fac\oop\lab poo\lab6\lab6\lab6.cpp(156): error C2974: 'testing::internal::GetTypeId': invalid template argument for 'T', type expected
  d:\info\info_fac\oop\lab poo\lab6\packages\gtest.1.7.0\build\native\include\gtest\internal\gtest-internal.h(417): note: see declaration of 'testing::internal::GetTypeId'
d:\info\info_fac\oop\lab poo\lab6\lab6\lab6.cpp(156): error C2510: 'AfisareAllVect': left of '::' must be a class/struct/union
d:\info\info_fac\oop\lab poo\lab6\lab6\lab6.cpp(156): error C2065: 'SetUpTestCase': undeclared identifier
d:\info\info_fac\oop\lab poo\lab6\lab6\lab6.cpp(156): error C2065: 'TearDownTestCase': undeclared identifier
d:\info\info_fac\oop\lab poo\lab6\lab6\lab6.cpp(156): error C2789: 'test_info_': an object of const-qualified type must be initialized
  d:\info\info_fac\oop\lab poo\lab6\lab6\lab6.cpp(156): note: see declaration of 'test_info_'
